<?xml version="1.0" encoding="UTF-8"?>
<!-- Generated by org.testng.reporters.JUnitReportReporter -->
<testsuite skipped="0" hostname="Zeeshans-MacBook-Air.local" name="MemoryLeakTestNg$MyTestClassWithGlobalReferenceCounter" tests="2" failures="0" timestamp="21 Sep 2018 00:20:08 GMT" time="0.015" errors="0">
  <testcase name="aTestMethod1" time="0.013" classname="MemoryLeakTestNg$MyTestClassWithGlobalReferenceCounter"/>
  <testcase name="aTestMethod2" time="0.002" classname="MemoryLeakTestNg$MyTestClassWithGlobalReferenceCounter"/>
</testsuite> <!-- MemoryLeakTestNg$MyTestClassWithGlobalReferenceCounter -->
